app/build/intermediates/manifest_merge_blame_file/debug/manifest-merger-blame-debug-report.txt
1<?xml version="1.0" encoding="utf-8"?>
2<manifest xmlns:android="http://schemas.android.com/apk/res/android"
3    package="com.example.covpass"
4    android:versionCode="1"
5    android:versionName="1.0" >
6
7    <uses-sdk
8        android:minSdkVersion="16"
8-->src\main\AndroidManifest.xml
9        android:targetSdkVersion="30" />
9-->src\main\AndroidManifest.xml
10
11    <uses-permission android:name="android.permission.INTERNET" />
11-->src\main\AndroidManifest.xml:4:5-67
11-->src\main\AndroidManifest.xml:4:22-64
12    <uses-permission android:name="android.permission.CAMERA" />
12-->src\main\AndroidManifest.xml:5:5-65
12-->src\main\AndroidManifest.xml:5:22-62
13
14    <application
14-->src\main\AndroidManifest.xml:7:5-23:19
15        android:appComponentFactory="androidx.core.app.CoreComponentFactory"
15-->[androidx.core:core:1.5.0] AndroidManifest.xml:24:18-86
16        android:debuggable="true"
17        android:icon="@mipmap/ic_launcher"
17-->src\main\AndroidManifest.xml:8:9-43
18        android:label="@string/app_name"
18-->src\main\AndroidManifest.xml:9:9-41
19        android:roundIcon="@mipmap/ic_launcher_round"
19-->src\main\AndroidManifest.xml:10:9-54
20        android:supportsRtl="true"
20-->src\main\AndroidManifest.xml:11:9-35
21        android:theme="@style/Theme.CovPass" >
21-->src\main\AndroidManifest.xml:12:9-45
22        <activity android:name="com.example.covpass.CovidCases" />
22-->src\main\AndroidManifest.xml:13:9-57
22-->src\main\AndroidManifest.xml:13:19-45
23        <activity android:name="com.example.covpass.ScanBarCodeActivity" />
23-->src\main\AndroidManifest.xml:14:9-57
23-->src\main\AndroidManifest.xml:14:19-54
24        <activity android:name="com.example.covpass.MainActivity2" />
24-->src\main\AndroidManifest.xml:15:9-51
24-->src\main\AndroidManifest.xml:15:19-48
25        <activity android:name="com.example.covpass.MainActivity" >
25-->src\main\AndroidManifest.xml:16:9-22:20
25-->src\main\AndroidManifest.xml:16:19-47
26            <intent-filter>
26-->src\main\AndroidManifest.xml:17:13-21:29
27                <action android:name="android.intent.action.MAIN" />
27-->src\main\AndroidManifest.xml:18:17-69
27-->src\main\AndroidManifest.xml:18:25-66
28
29                <category android:name="android.intent.category.LAUNCHER" />
29-->src\main\AndroidManifest.xml:20:17-77
29-->src\main\AndroidManifest.xml:20:27-74
30            </intent-filter>
31        </activity>
32        <activity
32-->[com.google.android.gms:play-services-base:17.4.0] AndroidManifest.xml:23:9-26:75
33            android:name="com.google.android.gms.common.api.GoogleApiActivity"
33-->[com.google.android.gms:play-services-base:17.4.0] AndroidManifest.xml:24:13-79
34            android:exported="false"
34-->[com.google.android.gms:play-services-base:17.4.0] AndroidManifest.xml:25:13-37
35            android:theme="@android:style/Theme.Translucent.NoTitleBar" />
35-->[com.google.android.gms:play-services-base:17.4.0] AndroidManifest.xml:26:13-72
36
37        <meta-data
37-->[com.google.android.gms:play-services-basement:17.4.0] AndroidManifest.xml:23:9-25:69
38            android:name="com.google.android.gms.version"
38-->[com.google.android.gms:play-services-basement:17.4.0] AndroidManifest.xml:24:13-58
39            android:value="@integer/google_play_services_version" />
39-->[com.google.android.gms:play-services-basement:17.4.0] AndroidManifest.xml:25:13-66
40    </application>
41
42</manifest>